Generated at 2015-03-05 21:37:06 +0000
Chef::Exceptions::RecipeNotFound: could not find recipe file /home/zeuscm/chef-repo/learn_chef_apache2
/opt/chefdk/embedded/apps/chef/lib/chef/run_context.rb:175:in `load_recipe_file'
/opt/chefdk/embedded/apps/chef/lib/chef/policy_builder/expand_node_object.rb:76:in `block in setup_run_context'
/opt/chefdk/embedded/apps/chef/lib/chef/policy_builder/expand_node_object.rb:75:in `each'
/opt/chefdk/embedded/apps/chef/lib/chef/policy_builder/expand_node_object.rb:75:in `setup_run_context'
/opt/chefdk/embedded/apps/chef/lib/chef/client.rb:235:in `setup_run_context'
/opt/chefdk/embedded/apps/chef/lib/chef/client.rb:397:in `run'
/opt/chefdk/embedded/apps/chef/lib/chef/application.rb:261:in `block in fork_chef_client'
/opt/chefdk/embedded/apps/chef/lib/chef/application.rb:249:in `fork'
/opt/chefdk/embedded/apps/chef/lib/chef/application.rb:249:in `fork_chef_client'
/opt/chefdk/embedded/apps/chef/lib/chef/application.rb:215:in `block in run_chef_client'
/opt/chefdk/embedded/apps/chef/lib/chef/local_mode.rb:38:in `with_server_connectivity'
/opt/chefdk/embedded/apps/chef/lib/chef/application.rb:201:in `run_chef_client'
/opt/chefdk/embedded/apps/chef/lib/chef/application/client.rb:355:in `block in interval_run_chef_client'
/opt/chefdk/embedded/apps/chef/lib/chef/application/client.rb:345:in `loop'
/opt/chefdk/embedded/apps/chef/lib/chef/application/client.rb:345:in `interval_run_chef_client'
/opt/chefdk/embedded/apps/chef/lib/chef/application/client.rb:335:in `run_application'
/opt/chefdk/embedded/apps/chef/lib/chef/application.rb:58:in `run'
/opt/chefdk/embedded/apps/chef/bin/chef-client:26:in `<top (required)>'
/usr/bin/chef-client:40:in `load'
/usr/bin/chef-client:40:in `<main>'